#
# A fatal error has been detected by the Java Runtime Environment:
#
#  SIGBUS (0xa) at pc=0x0000000108f77e92, pid=25232, tid=0x0000000000003403
#
# JRE version: Java(TM) SE Runtime Environment (8.0_144-b01) (build 1.8.0_144-b01)
# Java VM: Java HotSpot(TM) 64-Bit Server VM (25.144-b01 mixed mode bsd-amd64 compressed oops)
# Problematic frame:
# C  [libzip.dylib+0x2e92]  newEntry+0x154
#
# Failed to write core dump. Core dumps have been disabled. To enable core dumping, try "ulimit -c unlimited" before starting Java again
#
# If you would like to submit a bug report, please visit:
#   http://bugreport.java.com/bugreport/crash.jsp
# The crash happened outside the Java Virtual Machine in native code.
# See problematic frame for where to report the bug.
#

---------------  T H R E A D  ---------------

Current thread (0x00007ff345aad800):  JavaThread "Thread-0" [_thread_in_native, id=13315, stack(0x000070001095a000,0x0000700010a5a000)]

siginfo: si_signo: 10 (SIGBUS), si_code: 2 (BUS_ADRERR), si_addr: 0x0000000112a46a9e

Registers:
RAX=0x00007ff344e1ac00, RBX=0x0000000112a46a92, RCX=0x0000000000000001, RDX=0x0000000000001000
RSP=0x0000700010a57310, RBP=0x0000700010a57370, RSI=0x00000000fffff0ff, RDI=0x00000000000005a3
R8 =0x00000000344c5a2c, R9 =0x0000000000000004, R10=0x00000000fffff000, R11=0x00007ff344c00000
R12=0x00007ff346867a00, R13=0x0000000000003f70, R14=0x0000000042975c5a, R15=0x00007ff344e38670
RIP=0x0000000108f77e92, EFLAGS=0x0000000000010202, ERR=0x0000000000000004
  TRAPNO=0x000000000000000e

Top of Stack: (sp=0x0000700010a57310)
0x0000700010a57310:   0000700010a57360 0000000009a4ca40
0x0000700010a57320:   0000000000000000 00000001170964ac
0x0000700010a57330:   0000700010a57350 00007ff344e1ac00
0x0000700010a57340:   00007ff344c5a270 00007ff344e1ac00
0x0000700010a57350:   00007ff346867a00 0000000000003f70
0x0000700010a57360:   0000000042975c5a 00007ff344e38670
0x0000700010a57370:   0000700010a573d0 0000000108f7852d
0x0000700010a57380:   0000700010a5740b 0000700010a5740a
0x0000700010a57390:   0000001b00000000 0000001c01aad800
0x0000700010a573a0:   0000700010a573ee 0000700010a57838
0x0000700010a573b0:   000000000000001c 0000700010a573ee
0x0000700010a573c0:   00007ff344e1ac00 00007ff345aad9f8
0x0000700010a573d0:   0000700010a57820 0000000108f77238
0x0000700010a573e0:   0000000117057890 726f000000000001
0x0000700010a573f0:   73766d2f32682f67 4d564d2f65726f74
0x0000700010a57400:   616c632e32247061 0000000000007373
0x0000700010a57410:   0000000000000000 0000000000000000
0x0000700010a57420:   0000000000000000 0000000000000000
0x0000700010a57430:   0000000000000000 0000000000000000
0x0000700010a57440:   0000000000000000 0000000000000000
0x0000700010a57450:   0000000000000000 0000000000000000
0x0000700010a57460:   0000000000000000 0000000000000000
0x0000700010a57470:   0000000000000000 0000000000000000
0x0000700010a57480:   0000000000000000 000000000f90a2a8
0x0000700010a57490:   0000000000000000 0000000000000000
0x0000700010a574a0:   0000000000000000 0000000000000000
0x0000700010a574b0:   0000000000000000 0000000000000000
0x0000700010a574c0:   0000000000000000 0000000000000000
0x0000700010a574d0:   0000000000000000 0000000000000000
0x0000700010a574e0:   0000000000000000 000000000f90a288
0x0000700010a574f0:   0000700010a57540 00007fff648f08eb
0x0000700010a57500:   0000700010a57640 0000000000000000 

Instructions: (pc=0x0000000108f77e92)
0x0000000108f77e72:   49 8b 7f 38 e8 5b 1b 00 00 4d 89 77 38 49 89 5f
0x0000000108f77e82:   40 4c 89 f0 48 85 c0 0f 84 11 05 00 00 48 89 c3
0x0000000108f77e92:   0f b6 43 0c 0f b6 4b 0d 48 c1 e1 08 48 01 c1 0f
0x0000000108f77ea2:   b6 43 0e 0f b6 53 0f 48 c1 e2 08 48 01 c2 48 c1 

Register to memory mapping:

RAX=0x00007ff344e1ac00 is an unknown value
RBX=0x0000000112a46a92 is an unknown value
RCX=0x0000000000000001 is an unknown value
RDX=0x0000000000001000 is an unknown value
RSP=0x0000700010a57310 is pointing into the stack for thread: 0x00007ff345aad800
RBP=0x0000700010a57370 is pointing into the stack for thread: 0x00007ff345aad800
RSI=0x00000000fffff0ff is an unknown value
RDI=0x00000000000005a3 is an unknown value
R8 =0x00000000344c5a2c is an unknown value
R9 =0x0000000000000004 is an unknown value
R10=0x00000000fffff000 is an unknown value
R11=0x00007ff344c00000 is an unknown value
R12=0x00007ff346867a00 is an unknown value
R13=0x0000000000003f70 is an unknown value
R14=0x0000000042975c5a is an unknown value
R15=0x00007ff344e38670 is an unknown value


Stack: [0x000070001095a000,0x0000700010a5a000],  sp=0x0000700010a57310,  free space=1012k
Native frames: (J=compiled Java code, j=interpreted, Vv=VM code, C=native code)
C  [libzip.dylib+0x2e92]  newEntry+0x154
C  [libzip.dylib+0x352d]  ZIP_GetEntry2+0xd4
C  [libzip.dylib+0x2238]  Java_java_util_zip_ZipFile_getEntry+0xcf
J 193  java.util.zip.ZipFile.getEntry(J[BZ)J (0 bytes) @ 0x00000001170d5fce [0x00000001170d5f00+0xce]
J 229 C1 java.util.zip.ZipFile.getEntry(Ljava/lang/String;)Ljava/util/zip/ZipEntry; (101 bytes) @ 0x00000001170f154c [0x00000001170f12e0+0x26c]
J 228 C1 java.util.jar.JarFile.getEntry(Ljava/lang/String;)Ljava/util/zip/ZipEntry; (22 bytes) @ 0x00000001170f0ce4 [0x00000001170f0c60+0x84]
J 52 C1 sun.misc.URLClassPath$JarLoader.getResource(Ljava/lang/String;Z)Lsun/misc/Resource; (85 bytes) @ 0x000000011707fbac [0x000000011707f8c0+0x2ec]
J 226 C1 sun.misc.URLClassPath.getResource(Ljava/lang/String;Z)Lsun/misc/Resource; (83 bytes) @ 0x00000001170f006c [0x00000001170eff00+0x16c]
J 237 C1 java.net.URLClassLoader$1.run()Ljava/lang/Class; (63 bytes) @ 0x00000001170f417c [0x00000001170f3f60+0x21c]
J 236 C1 java.net.URLClassLoader$1.run()Ljava/lang/Object; (5 bytes) @ 0x00000001170f3bcc [0x00000001170f3b40+0x8c]
v  ~StubRoutines::call_stub
V  [libjvm.dylib+0x2ee70a]
V  [libjvm.dylib+0x34ee68]
J 177  java.security.AccessController.doPrivileged(Ljava/security/PrivilegedExceptionAction;Ljava/security/AccessControlContext;)Ljava/lang/Object; (0 bytes) @ 0x00000001170d0e15 [0x00000001170d0d40+0xd5]
J 234 C1 java.net.URLClassLoader.findClass(Ljava/lang/String;)Ljava/lang/Class; (47 bytes) @ 0x00000001170f2f54 [0x00000001170f2dc0+0x194]
J 84 C1 java.lang.ClassLoader.loadClass(Ljava/lang/String;Z)Ljava/lang/Class; (122 bytes) @ 0x0000000117096704 [0x0000000117095da0+0x964]
J 205 C1 sun.misc.Launcher$AppClassLoader.loadClass(Ljava/lang/String;Z)Ljava/lang/Class; (85 bytes) @ 0x00000001170de6e4 [0x00000001170ddd40+0x9a4]
J 204 C1 java.lang.ClassLoader.loadClass(Ljava/lang/String;)Ljava/lang/Class; (7 bytes) @ 0x00000001170dd984 [0x00000001170dd880+0x104]
v  ~StubRoutines::call_stub
V  [libjvm.dylib+0x2ee70a]
V  [libjvm.dylib+0x2eeeae]
V  [libjvm.dylib+0x2ef006]
V  [libjvm.dylib+0x53d236]
V  [libjvm.dylib+0x53c9fe]
V  [libjvm.dylib+0x53d452]
V  [libjvm.dylib+0x53db05]
V  [libjvm.dylib+0x1e3306]
V  [libjvm.dylib+0x1f3756]
V  [libjvm.dylib+0x2ea12b]
j  org.h2.mvstore.MVMap.entrySet()Ljava/util/Set;+7
j  org.h2.store.LobStorageMap.removeAllForTable(I)V+29
j  org.h2.engine.Database.removeOrphanedLobs()V+61
j  org.h2.engine.Database.close(Z)V+174
j  org.h2.engine.DatabaseCloser.run()V+80
v  ~StubRoutines::call_stub
V  [libjvm.dylib+0x2ee70a]
V  [libjvm.dylib+0x2eeeae]
V  [libjvm.dylib+0x2ef05a]
V  [libjvm.dylib+0x3497b1]
V  [libjvm.dylib+0x56c0b3]
V  [libjvm.dylib+0x56d7a0]
V  [libjvm.dylib+0x48baee]
C  [libsystem_pthread.dylib+0x3661]  _pthread_body+0x154
C  [libsystem_pthread.dylib+0x350d]  _pthread_body+0x0
C  [libsystem_pthread.dylib+0x2bf9]  thread_start+0xd
C  0x0000000000000000

Java frames: (J=compiled Java code, j=interpreted, Vv=VM code)
J 193  java.util.zip.ZipFile.getEntry(J[BZ)J (0 bytes) @ 0x00000001170d5f58 [0x00000001170d5f00+0x58]
J 229 C1 java.util.zip.ZipFile.getEntry(Ljava/lang/String;)Ljava/util/zip/ZipEntry; (101 bytes) @ 0x00000001170f154c [0x00000001170f12e0+0x26c]
J 228 C1 java.util.jar.JarFile.getEntry(Ljava/lang/String;)Ljava/util/zip/ZipEntry; (22 bytes) @ 0x00000001170f0ce4 [0x00000001170f0c60+0x84]
J 52 C1 sun.misc.URLClassPath$JarLoader.getResource(Ljava/lang/String;Z)Lsun/misc/Resource; (85 bytes) @ 0x000000011707fbac [0x000000011707f8c0+0x2ec]
J 226 C1 sun.misc.URLClassPath.getResource(Ljava/lang/String;Z)Lsun/misc/Resource; (83 bytes) @ 0x00000001170f006c [0x00000001170eff00+0x16c]
J 237 C1 java.net.URLClassLoader$1.run()Ljava/lang/Class; (63 bytes) @ 0x00000001170f417c [0x00000001170f3f60+0x21c]
J 236 C1 java.net.URLClassLoader$1.run()Ljava/lang/Object; (5 bytes) @ 0x00000001170f3bcc [0x00000001170f3b40+0x8c]
v  ~StubRoutines::call_stub
J 177  java.security.AccessController.doPrivileged(Ljava/security/PrivilegedExceptionAction;Ljava/security/AccessControlContext;)Ljava/lang/Object; (0 bytes) @ 0x00000001170d0da3 [0x00000001170d0d40+0x63]
J 234 C1 java.net.URLClassLoader.findClass(Ljava/lang/String;)Ljava/lang/Class; (47 bytes) @ 0x00000001170f2f54 [0x00000001170f2dc0+0x194]
J 84 C1 java.lang.ClassLoader.loadClass(Ljava/lang/String;Z)Ljava/lang/Class; (122 bytes) @ 0x0000000117096704 [0x0000000117095da0+0x964]
J 205 C1 sun.misc.Launcher$AppClassLoader.loadClass(Ljava/lang/String;Z)Ljava/lang/Class; (85 bytes) @ 0x00000001170de6e4 [0x00000001170ddd40+0x9a4]
J 204 C1 java.lang.ClassLoader.loadClass(Ljava/lang/String;)Ljava/lang/Class; (7 bytes) @ 0x00000001170dd984 [0x00000001170dd880+0x104]
v  ~StubRoutines::call_stub
j  org.h2.mvstore.MVMap.entrySet()Ljava/util/Set;+7
j  org.h2.store.LobStorageMap.removeAllForTable(I)V+29
j  org.h2.engine.Database.removeOrphanedLobs()V+61
j  org.h2.engine.Database.close(Z)V+174
j  org.h2.engine.DatabaseCloser.run()V+80
v  ~StubRoutines::call_stub

---------------  P R O C E S S  ---------------

Java Threads: ( => current thread )
=>0x00007ff345aad800 JavaThread "Thread-0" [_thread_in_native, id=13315, stack(0x000070001095a000,0x0000700010a5a000)]
  0x00007ff347000000 JavaThread "SIGINT handler" daemon [_thread_blocked, id=4359, stack(0x0000700010857000,0x0000700010957000)]
  0x00007ff34683a800 JavaThread "MVStore background writer nio:/Users/dkotenko/IdeaProjects/Swingy/target/h2db.mv.db" daemon [_thread_blocked, id=15367, stack(0x0000700010754000,0x0000700010854000)]
  0x00007ff34602f000 JavaThread "Service Thread" daemon [_thread_blocked, id=16643, stack(0x000070001054e000,0x000070001064e000)]
  0x00007ff34602e000 JavaThread "C1 CompilerThread2" daemon [_thread_blocked, id=12803, stack(0x000070001044b000,0x000070001054b000)]
  0x00007ff346839000 JavaThread "C2 CompilerThread1" daemon [_thread_blocked, id=12291, stack(0x0000700010348000,0x0000700010448000)]
  0x00007ff345003800 JavaThread "C2 CompilerThread0" daemon [_thread_blocked, id=17155, stack(0x0000700010245000,0x0000700010345000)]
  0x00007ff346804000 JavaThread "Signal Dispatcher" daemon [_thread_blocked, id=17675, stack(0x0000700010142000,0x0000700010242000)]
  0x00007ff34602d000 JavaThread "Finalizer" daemon [_thread_blocked, id=19971, stack(0x000070001003f000,0x000070001013f000)]
  0x00007ff34602a800 JavaThread "Reference Handler" daemon [_thread_blocked, id=20227, stack(0x000070000ff3c000,0x000070001003c000)]
  0x00007ff345806800 JavaThread "main" [_thread_in_native, id=5891, stack(0x000070000f92a000,0x000070000fa2a000)]

Other Threads:
  0x00007ff34682f800 VMThread [stack: 0x000070000fe39000,0x000070000ff39000] [id=20739]
  0x00007ff346052000 WatcherThread [stack: 0x0000700010651000,0x0000700010751000] [id=16131]

VM state:not at safepoint (normal execution)

VM Mutex/Monitor currently owned by a thread: None

Heap:
 PSYoungGen      total 38400K, used 25592K [0x0000000795580000, 0x0000000798000000, 0x00000007c0000000)
  eden space 33280K, 63% used [0x0000000795580000,0x0000000796a10b70,0x0000000797600000)
  from space 5120K, 88% used [0x0000000797600000,0x0000000797a6d788,0x0000000797b00000)
  to   space 5120K, 0% used [0x0000000797b00000,0x0000000797b00000,0x0000000798000000)
 ParOldGen       total 87552K, used 8K [0x0000000740000000, 0x0000000745580000, 0x0000000795580000)
  object space 87552K, 0% used [0x0000000740000000,0x0000000740002000,0x0000000745580000)
 Metaspace       used 8278K, capacity 8454K, committed 8704K, reserved 1056768K
  class space    used 856K, capacity 921K, committed 1024K, reserved 1048576K

Card table byte_map: [0x000000010ab67000,0x000000010af68000] byte_map_base: 0x0000000107167000

Marking Bits: (ParMarkBitMap*) 0x000000010a0f35d0
 Begin Bits: [0x000000010b213000, 0x000000010d213000)
 End Bits:   [0x000000010d213000, 0x000000010f213000)

Polling page: 0x0000000108f2b000

CodeCache: size=245760Kb used=3489Kb max_used=3501Kb free=242270Kb
 bounds [0x0000000116f5c000, 0x00000001172dc000, 0x0000000125f5c000]
 total_blobs=1195 nmethods=856 adapters=253
 compilation: enabled

Compilation events (10 events):
Event: 107.744 Thread 0x00007ff345003800  852       4       java.nio.charset.Charset::atBugLevel (44 bytes)
Event: 107.745 Thread 0x00007ff345003800 nmethod 852 0x0000000117293dd0 code [0x0000000117293f20, 0x0000000117294078]
Event: 108.374 Thread 0x00007ff346839000  853       4       java.lang.Integer::valueOf (32 bytes)
Event: 108.374 Thread 0x00007ff34602e000  854       3       org.h2.mvstore.MVMap::getCreateVersion (5 bytes)
Event: 108.374 Thread 0x00007ff34602e000 nmethod 854 0x0000000117293a90 code [0x0000000117293be0, 0x0000000117293d30]
Event: 108.374 Thread 0x00007ff346839000 nmethod 853 0x00000001172b6e90 code [0x00000001172b6fe0, 0x00000001172b70b8]
Event: 111.256 Thread 0x00007ff345003800  855       4       java.nio.charset.CharsetDecoder::<init> (108 bytes)
Event: 111.257 Thread 0x00007ff345003800 nmethod 855 0x00000001172b81d0 code [0x00000001172b8340, 0x00000001172b86d8]
Event: 111.416 Thread 0x00007ff346839000  856   !   4       java.lang.StringCoding::decode (216 bytes)
Event: 111.422 Thread 0x00007ff346839000 nmethod 856 0x00000001172b77d0 code [0x00000001172b7960, 0x00000001172b7e08]

GC Heap History (2 events):
Event: 61.476 GC heap before
{Heap before GC invocations=1 (full 0):
 PSYoungGen      total 38400K, used 33280K [0x0000000795580000, 0x0000000798000000, 0x00000007c0000000)
  eden space 33280K, 100% used [0x0000000795580000,0x0000000797600000,0x0000000797600000)
  from space 5120K, 0% used [0x0000000797b00000,0x0000000797b00000,0x0000000798000000)
  to   space 5120K, 0% used [0x0000000797600000,0x0000000797600000,0x0000000797b00000)
 ParOldGen       total 87552K, used 0K [0x0000000740000000, 0x0000000745580000, 0x0000000795580000)
  object space 87552K, 0% used [0x0000000740000000,0x0000000740000000,0x0000000745580000)
 Metaspace       used 8239K, capacity 8358K, committed 8576K, reserved 1056768K
  class space    used 851K, capacity 889K, committed 896K, reserved 1048576K
Event: 61.480 GC heap after
Heap after GC invocations=1 (full 0):
 PSYoungGen      total 38400K, used 4533K [0x0000000795580000, 0x0000000798000000, 0x00000007c0000000)
  eden space 33280K, 0% used [0x0000000795580000,0x0000000795580000,0x0000000797600000)
  from space 5120K, 88% used [0x0000000797600000,0x0000000797a6d788,0x0000000797b00000)
  to   space 5120K, 0% used [0x0000000797b00000,0x0000000797b00000,0x0000000798000000)
 ParOldGen       total 87552K, used 8K [0x0000000740000000, 0x0000000745580000, 0x0000000795580000)
  object space 87552K, 0% used [0x0000000740000000,0x0000000740002000,0x0000000745580000)
 Metaspace       used 8239K, capacity 8358K, committed 8576K, reserved 1056768K
  class space    used 851K, capacity 889K, committed 896K, reserved 1048576K
}

Deoptimization events (3 events):
Event: 0.149 Thread 0x00007ff345806800 Uncommon trap: reason=unstable_if action=reinterpret pc=0x00000001170a6a44 method=java.lang.String.indexOf(II)I @ 49
Event: 9.349 Thread 0x00007ff34683a800 Uncommon trap: reason=unstable_if action=reinterpret pc=0x00000001171d0e24 method=java.lang.Integer.valueOf(I)Ljava/lang/Integer; @ 3
Event: 23.298 Thread 0x00007ff34683a800 Uncommon trap: reason=unstable_if action=reinterpret pc=0x000000011724bbb8 method=org.h2.mvstore.MVStore.canOverwriteChunk(Lorg/h2/mvstore/Chunk;J)Z @ 40

Internal exceptions (8 events):
Event: 0.043 Thread 0x00007ff345806800 Exception <a 'java/lang/NoSuchMethodError': Method sun.misc.Unsafe.defineClass(Ljava/lang/String;[BII)Ljava/lang/Class; name or signature does not match> (0x0000000795587ca8) thrown at [/Users/java_re/workspace/8-2-build-macosx-x86_64/jdk8u144/9417/hotspo
Event: 0.043 Thread 0x00007ff345806800 Exception <a 'java/lang/NoSuchMethodError': Method sun.misc.Unsafe.prefetchRead(Ljava/lang/Object;J)V name or signature does not match> (0x0000000795587f90) thrown at [/Users/java_re/workspace/8-2-build-macosx-x86_64/jdk8u144/9417/hotspot/src/share/vm/pri
Event: 0.107 Thread 0x00007ff345806800 Exception <a 'java/security/PrivilegedActionException'> (0x00000007956deda0) thrown at [/Users/java_re/workspace/8-2-build-macosx-x86_64/jdk8u144/9417/hotspot/src/share/vm/prims/jvm.cpp, line 1390]
Event: 0.107 Thread 0x00007ff345806800 Exception <a 'java/security/PrivilegedActionException'> (0x00000007956defb0) thrown at [/Users/java_re/workspace/8-2-build-macosx-x86_64/jdk8u144/9417/hotspot/src/share/vm/prims/jvm.cpp, line 1390]
Event: 0.107 Thread 0x00007ff345806800 Exception <a 'java/security/PrivilegedActionException'> (0x00000007956e24c8) thrown at [/Users/java_re/workspace/8-2-build-macosx-x86_64/jdk8u144/9417/hotspot/src/share/vm/prims/jvm.cpp, line 1390]
Event: 0.107 Thread 0x00007ff345806800 Exception <a 'java/security/PrivilegedActionException'> (0x00000007956e26d8) thrown at [/Users/java_re/workspace/8-2-build-macosx-x86_64/jdk8u144/9417/hotspot/src/share/vm/prims/jvm.cpp, line 1390]
Event: 0.914 Thread 0x00007ff345806800 Exception <a 'java/lang/NoSuchFieldError': method resolution failed> (0x0000000796139150) thrown at [/Users/java_re/workspace/8-2-build-macosx-x86_64/jdk8u144/9417/hotspot/src/share/vm/prims/methodHandles.cpp, line 1146]
Event: 0.915 Thread 0x00007ff345806800 Exception <a 'java/lang/NoSuchFieldError': method resolution failed> (0x00000007961467c8) thrown at [/Users/java_re/workspace/8-2-build-macosx-x86_64/jdk8u144/9417/hotspot/src/share/vm/prims/methodHandles.cpp, line 1146]

Events (10 events):
Event: 111.435 Thread 0x00007ff347000000 Thread added: 0x00007ff347000000
Event: 111.435 loading class java/util/IdentityHashMap$KeySet
Event: 111.436 loading class java/util/IdentityHashMap$KeySet done
Event: 111.436 loading class java/util/IdentityHashMap$KeyIterator
Event: 111.436 loading class java/util/IdentityHashMap$IdentityHashMapIterator
Event: 111.436 loading class java/util/IdentityHashMap$IdentityHashMapIterator done
Event: 111.436 loading class java/util/IdentityHashMap$KeyIterator done
Event: 111.436 Thread 0x00007ff345aad800 Thread added: 0x00007ff345aad800
Event: 111.436 loading class org/h2/mvstore/MVMap$2
Event: 111.436 loading class org/h2/mvstore/MVMap$2 done


Dynamic libraries:
0x00000000149ab000 	/System/Library/Frameworks/Cocoa.framework/Versions/A/Cocoa
0x00000000149ab000 	/System/Library/Frameworks/Security.framework/Versions/A/Security
0x00000000149ab000 	/System/Library/Frameworks/ApplicationServices.framework/Versions/A/ApplicationServices
0x00000000149ab000 	/usr/lib/libz.1.dylib
0x00000000149ab000 	/usr/lib/libSystem.B.dylib
0x00000000149ab000 	/usr/lib/libobjc.A.dylib
0x00000000149ab000 	/System/Library/Frameworks/CoreFoundation.framework/Versions/A/CoreFoundation
0x00000000149ab000 	/System/Library/Frameworks/Foundation.framework/Versions/C/Foundation
0x00000000149ab000 	/System/Library/Frameworks/AppKit.framework/Versions/C/AppKit
0x00000000149ab000 	/System/Library/Frameworks/CoreData.framework/Versions/A/CoreData
0x00000000149ab000 	/System/Library/PrivateFrameworks/RemoteViewServices.framework/Versions/A/RemoteViewServices
0x00000000149ab000 	/System/Library/PrivateFrameworks/UIFoundation.framework/Versions/A/UIFoundation
0x00000000149ab000 	/System/Library/PrivateFrameworks/DFRFoundation.framework/Versions/A/DFRFoundation
0x00000000149ab000 	/System/Library/Frameworks/Metal.framework/Versions/A/Metal
0x00000000149ab000 	/System/Library/PrivateFrameworks/DesktopServicesPriv.framework/Versions/A/DesktopServicesPriv
0x00000000149ab000 	/usr/lib/libenergytrace.dylib
0x00000000149ab000 	/System/Library/PrivateFrameworks/SkyLight.framework/Versions/A/SkyLight
0x00000000149ab000 	/System/Library/Frameworks/CoreGraphics.framework/Versions/A/CoreGraphics
0x00000000149ab000 	/usr/lib/libScreenReader.dylib
0x00000000149ab000 	/System/Library/Frameworks/Accelerate.framework/Versions/A/Accelerate
0x00000000149ab000 	/System/Library/Frameworks/IOSurface.framework/Versions/A/IOSurface
0x00000000149ab000 	/System/Library/Frameworks/AudioToolbox.framework/Versions/A/AudioToolbox
0x00000000149ab000 	/System/Library/Frameworks/AudioUnit.framework/Versions/A/AudioUnit
0x00000000149ab000 	/System/Library/PrivateFrameworks/DataDetectorsCore.framework/Versions/A/DataDetectorsCore
0x00000000149ab000 	/System/Library/Frameworks/Carbon.framework/Versions/A/Frameworks/HIToolbox.framework/Versions/A/HIToolbox
0x00000000149ab000 	/usr/lib/libicucore.A.dylib
0x00000000149ab000 	/System/Library/Frameworks/QuartzCore.framework/Versions/A/QuartzCore
0x00000000149ab000 	/System/Library/PrivateFrameworks/SignpostNotification.framework/Versions/A/SignpostNotification
0x00000000149ab000 	/System/Library/Frameworks/Carbon.framework/Versions/A/Frameworks/SpeechRecognition.framework/Versions/A/SpeechRecognition
0x00000000149ab000 	/usr/lib/libauto.dylib
0x00000000149ab000 	/usr/lib/libxml2.2.dylib
0x00000000149ab000 	/System/Library/PrivateFrameworks/CoreUI.framework/Versions/A/CoreUI
0x00000000149ab000 	/System/Library/Frameworks/CoreAudio.framework/Versions/A/CoreAudio
0x00000000149ab000 	/System/Library/Frameworks/DiskArbitration.framework/Versions/A/DiskArbitration
0x00000000149ab000 	/usr/lib/liblangid.dylib
0x00000000149ab000 	/System/Library/PrivateFrameworks/MultitouchSupport.framework/Versions/A/MultitouchSupport
0x00000000149ab000 	/System/Library/Frameworks/IOKit.framework/Versions/A/IOKit
0x00000000149ab000 	/usr/lib/libDiagnosticMessagesClient.dylib
0x00000000149ab000 	/System/Library/Frameworks/CoreServices.framework/Versions/A/CoreServices
0x00000000149ab000 	/System/Library/PrivateFrameworks/PerformanceAnalysis.framework/Versions/A/PerformanceAnalysis
0x00000000149ab000 	/System/Library/Frameworks/OpenGL.framework/Versions/A/OpenGL
0x00000000149ab000 	/System/Library/Frameworks/ColorSync.framework/Versions/A/ColorSync
0x00000000149ab000 	/System/Library/Frameworks/CoreImage.framework/Versions/A/CoreImage
0x00000000149ab000 	/System/Library/Frameworks/CoreText.framework/Versions/A/CoreText
0x00000000149ab000 	/System/Library/Frameworks/ImageIO.framework/Versions/A/ImageIO
0x00000000149ab000 	/System/Library/PrivateFrameworks/Backup.framework/Versions/A/Backup
0x00000000149ab000 	/usr/lib/libarchive.2.dylib
0x00000000149ab000 	/System/Library/Frameworks/CFNetwork.framework/Versions/A/CFNetwork
0x00000000149ab000 	/System/Library/Frameworks/SystemConfiguration.framework/Versions/A/SystemConfiguration
0x00000000149ab000 	/usr/lib/libCRFSuite.dylib
0x00000000149ab000 	/usr/lib/libc++.1.dylib
0x00000000149ab000 	/usr/lib/libc++abi.dylib
0x00000000149ab000 	/usr/lib/system/libcache.dylib
0x00000000149ab000 	/usr/lib/system/libcommonCrypto.dylib
0x00000000149ab000 	/usr/lib/system/libcompiler_rt.dylib
0x00000000149ab000 	/usr/lib/system/libcopyfile.dylib
0x00000000149ab000 	/usr/lib/system/libcorecrypto.dylib
0x00000000149ab000 	/usr/lib/system/libdispatch.dylib
0x00000000149ab000 	/usr/lib/system/libdyld.dylib
0x00000000149ab000 	/usr/lib/system/libkeymgr.dylib
0x00000000149ab000 	/usr/lib/system/liblaunch.dylib
0x00000000149ab000 	/usr/lib/system/libmacho.dylib
0x00000000149ab000 	/usr/lib/system/libquarantine.dylib
0x00000000149ab000 	/usr/lib/system/libremovefile.dylib
0x00000000149ab000 	/usr/lib/system/libsystem_asl.dylib
0x00000000149ab000 	/usr/lib/system/libsystem_blocks.dylib
0x00000000149ab000 	/usr/lib/system/libsystem_c.dylib
0x00000000149ab000 	/usr/lib/system/libsystem_configuration.dylib
0x00000000149ab000 	/usr/lib/system/libsystem_coreservices.dylib
0x00000000149ab000 	/usr/lib/system/libsystem_darwin.dylib
0x00000000149ab000 	/usr/lib/system/libsystem_dnssd.dylib
0x00000000149ab000 	/usr/lib/system/libsystem_info.dylib
0x00000000149ab000 	/usr/lib/system/libsystem_m.dylib
0x00000000149ab000 	/usr/lib/system/libsystem_malloc.dylib
0x00000000149ab000 	/usr/lib/system/libsystem_network.dylib
0x00000000149ab000 	/usr/lib/system/libsystem_networkextension.dylib
0x00000000149ab000 	/usr/lib/system/libsystem_notify.dylib
0x00000000149ab000 	/usr/lib/system/libsystem_sandbox.dylib
0x00000000149ab000 	/usr/lib/system/libsystem_secinit.dylib
0x00000000149ab000 	/usr/lib/system/libsystem_kernel.dylib
0x00000000149ab000 	/usr/lib/system/libsystem_platform.dylib
0x00000000149ab000 	/usr/lib/system/libsystem_pthread.dylib
0x00000000149ab000 	/usr/lib/system/libsystem_symptoms.dylib
0x00000000149ab000 	/usr/lib/system/libsystem_trace.dylib
0x00000000149ab000 	/usr/lib/system/libunwind.dylib
0x00000000149ab000 	/usr/lib/system/libxpc.dylib
0x00000000149ab000 	/usr/lib/closure/libclosured.dylib
0x00000000149ab000 	/usr/lib/libbsm.0.dylib
0x00000000149ab000 	/usr/lib/system/libkxld.dylib
0x00000000149ab000 	/usr/lib/libOpenScriptingUtil.dylib
0x00000000149ab000 	/usr/lib/libcoretls.dylib
0x00000000149ab000 	/usr/lib/libcoretls_cfhelpers.dylib
0x00000000149ab000 	/usr/lib/libpam.2.dylib
0x00000000149ab000 	/usr/lib/libsqlite3.dylib
0x00000000149ab000 	/usr/lib/libxar.1.dylib
0x00000000149ab000 	/usr/lib/libbz2.1.0.dylib
0x00000000149ab000 	/usr/lib/liblzma.5.dylib
0x00000000149ab000 	/usr/lib/libnetwork.dylib
0x00000000149ab000 	/usr/lib/libapple_nghttp2.dylib
0x00000000149ab000 	/usr/lib/libpcap.A.dylib
0x00000000149ab000 	/usr/lib/libboringssl.dylib
0x00000000149ab000 	/usr/lib/libusrtcp.dylib
0x00000000149ab000 	/usr/lib/libapple_crypto.dylib
0x00000000149ab000 	/System/Library/Frameworks/CoreServices.framework/Versions/A/Frameworks/FSEvents.framework/Versions/A/FSEvents
0x00000000149ab000 	/System/Library/Frameworks/CoreServices.framework/Versions/A/Frameworks/CarbonCore.framework/Versions/A/CarbonCore
0x00000000149ab000 	/System/Library/Frameworks/CoreServices.framework/Versions/A/Frameworks/Metadata.framework/Versions/A/Metadata
0x00000000149ab000 	/System/Library/Frameworks/CoreServices.framework/Versions/A/Frameworks/OSServices.framework/Versions/A/OSServices
0x00000000149ab000 	/System/Library/Frameworks/CoreServices.framework/Versions/A/Frameworks/SearchKit.framework/Versions/A/SearchKit
0x00000000149ab000 	/System/Library/Frameworks/CoreServices.framework/Versions/A/Frameworks/AE.framework/Versions/A/AE
0x00000000149ab000 	/System/Library/Frameworks/CoreServices.framework/Versions/A/Frameworks/LaunchServices.framework/Versions/A/LaunchServices
0x00000000149ab000 	/System/Library/Frameworks/CoreServices.framework/Versions/A/Frameworks/DictionaryServices.framework/Versions/A/DictionaryServices
0x00000000149ab000 	/System/Library/Frameworks/CoreServices.framework/Versions/A/Frameworks/SharedFileList.framework/Versions/A/SharedFileList
0x00000000149ab000 	/System/Library/Frameworks/NetFS.framework/Versions/A/NetFS
0x00000000149ab000 	/System/Library/PrivateFrameworks/NetAuth.framework/Versions/A/NetAuth
0x00000000149ab000 	/System/Library/PrivateFrameworks/login.framework/Versions/A/Frameworks/loginsupport.framework/Versions/A/loginsupport
0x00000000149ab000 	/System/Library/PrivateFrameworks/TCC.framework/Versions/A/TCC
0x00000000149ab000 	/usr/lib/libmecabra.dylib
0x00000000149ab000 	/System/Library/Frameworks/ApplicationServices.framework/Versions/A/Frameworks/ATS.framework/Versions/A/ATS
0x00000000149ab000 	/System/Library/Frameworks/ApplicationServices.framework/Versions/A/Frameworks/ColorSyncLegacy.framework/Versions/A/ColorSyncLegacy
0x00000000149ab000 	/System/Library/Frameworks/ApplicationServices.framework/Versions/A/Frameworks/HIServices.framework/Versions/A/HIServices
0x00000000149ab000 	/System/Library/Frameworks/ApplicationServices.framework/Versions/A/Frameworks/LangAnalysis.framework/Versions/A/LangAnalysis
0x00000000149ab000 	/System/Library/Frameworks/ApplicationServices.framework/Versions/A/Frameworks/PrintCore.framework/Versions/A/PrintCore
0x00000000149ab000 	/System/Library/Frameworks/ApplicationServices.framework/Versions/A/Frameworks/QD.framework/Versions/A/QD
0x00000000149ab000 	/System/Library/Frameworks/ApplicationServices.framework/Versions/A/Frameworks/SpeechSynthesis.framework/Versions/A/SpeechSynthesis
0x00000000149ab000 	/System/Library/Frameworks/CoreDisplay.framework/Versions/A/CoreDisplay
0x00000000149ab000 	/System/Library/Frameworks/Accelerate.framework/Versions/A/Frameworks/vImage.framework/Versions/A/vImage
0x00000000149ab000 	/System/Library/Frameworks/Accelerate.framework/Versions/A/Frameworks/vecLib.framework/Versions/A/vecLib
0x00000000149ab000 	/System/Library/Frameworks/Accelerate.framework/Versions/A/Frameworks/vecLib.framework/Versions/A/libvDSP.dylib
0x00000000149ab000 	/System/Library/Frameworks/Accelerate.framework/Versions/A/Frameworks/vecLib.framework/Versions/A/libBNNS.dylib
0x00000000149ab000 	/System/Library/Frameworks/Accelerate.framework/Versions/A/Frameworks/vecLib.framework/Versions/A/libQuadrature.dylib
0x00000000149ab000 	/System/Library/Frameworks/Accelerate.framework/Versions/A/Frameworks/vecLib.framework/Versions/A/libvMisc.dylib
0x00000000149ab000 	/System/Library/Frameworks/Accelerate.framework/Versions/A/Frameworks/vecLib.framework/Versions/A/libLAPACK.dylib
0x00000000149ab000 	/System/Library/Frameworks/Accelerate.framework/Versions/A/Frameworks/vecLib.framework/Versions/A/libBLAS.dylib
0x00000000149ab000 	/System/Library/Frameworks/Accelerate.framework/Versions/A/Frameworks/vecLib.framework/Versions/A/libLinearAlgebra.dylib
0x00000000149ab000 	/System/Library/Frameworks/Accelerate.framework/Versions/A/Frameworks/vecLib.framework/Versions/A/libSparse.dylib
0x00000000149ab000 	/System/Library/Frameworks/Accelerate.framework/Versions/A/Frameworks/vecLib.framework/Versions/A/libSparseBLAS.dylib
0x00000000149ab000 	/System/Library/PrivateFrameworks/GPUWrangler.framework/Versions/A/GPUWrangler
0x00000000149ab000 	/System/Library/PrivateFrameworks/IOAccelerator.framework/Versions/A/IOAccelerator
0x00000000149ab000 	/System/Library/PrivateFrameworks/IOPresentment.framework/Versions/A/IOPresentment
0x00000000149ab000 	/System/Library/PrivateFrameworks/DSExternalDisplay.framework/Versions/A/DSExternalDisplay
0x00000000149ab000 	/System/Library/Frameworks/OpenGL.framework/Versions/A/Libraries/libCoreFSCache.dylib
0x00000000149ab000 	/System/Library/Frameworks/CoreVideo.framework/Versions/A/CoreVideo
0x00000000149ab000 	/System/Library/PrivateFrameworks/GraphVisualizer.framework/Versions/A/GraphVisualizer
0x00000000149ab000 	/System/Library/Frameworks/MetalPerformanceShaders.framework/Versions/A/MetalPerformanceShaders
0x00000000149ab000 	/usr/lib/libFosl_dynamic.dylib
0x00000000149ab000 	/System/Library/PrivateFrameworks/FaceCore.framework/Versions/A/FaceCore
0x00000000149ab000 	/System/Library/Frameworks/OpenCL.framework/Versions/A/OpenCL
0x00000000149ab000 	/usr/lib/libcompression.dylib
0x00000000149ab000 	/System/Library/Frameworks/ApplicationServices.framework/Versions/A/Frameworks/ATS.framework/Versions/A/Resources/libFontParser.dylib
0x00000000149ab000 	/System/Library/Frameworks/ApplicationServices.framework/Versions/A/Frameworks/ATS.framework/Versions/A/Resources/libFontRegistry.dylib
0x00000000149ab000 	/System/Library/Frameworks/ImageIO.framework/Versions/A/Resources/libJPEG.dylib
0x00000000149ab000 	/System/Library/Frameworks/ImageIO.framework/Versions/A/Resources/libTIFF.dylib
0x00000000149ab000 	/System/Library/Frameworks/ImageIO.framework/Versions/A/Resources/libPng.dylib
0x00000000149ab000 	/System/Library/Frameworks/ImageIO.framework/Versions/A/Resources/libGIF.dylib
0x00000000149ab000 	/System/Library/Frameworks/ImageIO.framework/Versions/A/Resources/libJP2.dylib
0x00000000149ab000 	/System/Library/Frameworks/ImageIO.framework/Versions/A/Resources/libRadiance.dylib
0x00000000149ab000 	/System/Library/PrivateFrameworks/AppleJPEG.framework/Versions/A/AppleJPEG
0x00000000149ab000 	/System/Library/Frameworks/MetalPerformanceShaders.framework/Frameworks/MPSCore.framework/Versions/A/MPSCore
0x00000000149ab000 	/System/Library/Frameworks/MetalPerformanceShaders.framework/Frameworks/MPSImage.framework/Versions/A/MPSImage
0x00000000149ab000 	/System/Library/Frameworks/MetalPerformanceShaders.framework/Frameworks/MPSNeuralNetwork.framework/Versions/A/MPSNeuralNetwork
0x00000000149ab000 	/System/Library/Frameworks/MetalPerformanceShaders.framework/Frameworks/MPSMatrix.framework/Versions/A/MPSMatrix
0x00000000149ab000 	/System/Library/PrivateFrameworks/MetalTools.framework/Versions/A/MetalTools
0x00000000149ab000 	/System/Library/Frameworks/OpenGL.framework/Versions/A/Libraries/libGLU.dylib
0x00000000149ab000 	/System/Library/Frameworks/OpenGL.framework/Versions/A/Libraries/libGFXShared.dylib
0x00000000149ab000 	/System/Library/Frameworks/OpenGL.framework/Versions/A/Libraries/libGL.dylib
0x00000000149ab000 	/System/Library/Frameworks/OpenGL.framework/Versions/A/Libraries/libGLImage.dylib
0x00000000149ab000 	/System/Library/Frameworks/OpenGL.framework/Versions/A/Libraries/libCVMSPluginSupport.dylib
0x00000000149ab000 	/System/Library/Frameworks/OpenGL.framework/Versions/A/Libraries/libCoreVMClient.dylib
0x00000000149ab000 	/usr/lib/libcups.2.dylib
0x00000000149ab000 	/System/Library/Frameworks/Kerberos.framework/Versions/A/Kerberos
0x00000000149ab000 	/System/Library/Frameworks/GSS.framework/Versions/A/GSS
0x00000000149ab000 	/usr/lib/libresolv.9.dylib
0x00000000149ab000 	/usr/lib/libiconv.2.dylib
0x00000000149ab000 	/System/Library/PrivateFrameworks/Heimdal.framework/Versions/A/Heimdal
0x00000000149ab000 	/usr/lib/libheimdal-asn1.dylib
0x00000000149ab000 	/System/Library/Frameworks/OpenDirectory.framework/Versions/A/OpenDirectory
0x00000000149ab000 	/System/Library/PrivateFrameworks/CommonAuth.framework/Versions/A/CommonAuth
0x00000000149ab000 	/System/Library/Frameworks/OpenDirectory.framework/Versions/A/Frameworks/CFOpenDirectory.framework/Versions/A/CFOpenDirectory
0x00000000149ab000 	/System/Library/Frameworks/SecurityFoundation.framework/Versions/A/SecurityFoundation
0x00000000149ab000 	/System/Library/PrivateFrameworks/APFS.framework/Versions/A/APFS
0x00000000149ab000 	/usr/lib/libutil.dylib
0x00000000149ab000 	/System/Library/PrivateFrameworks/AppleSauce.framework/Versions/A/AppleSauce
0x00000000149ab000 	/System/Library/PrivateFrameworks/LinguisticData.framework/Versions/A/LinguisticData
0x00000000149ab000 	/usr/lib/libmarisa.dylib
0x00000000149ab000 	/System/Library/PrivateFrameworks/Lexicon.framework/Versions/A/Lexicon
0x00000000149ab000 	/usr/lib/libChineseTokenizer.dylib
0x00000000149ab000 	/usr/lib/libcmph.dylib
0x00000000149ab000 	/System/Library/PrivateFrameworks/LanguageModeling.framework/Versions/A/LanguageModeling
0x00000000149ab000 	/System/Library/PrivateFrameworks/CoreEmoji.framework/Versions/A/CoreEmoji
0x00000000149ab000 	/System/Library/Frameworks/ServiceManagement.framework/Versions/A/ServiceManagement
0x00000000149ab000 	/System/Library/PrivateFrameworks/BackgroundTaskManagement.framework/Versions/A/BackgroundTaskManagement
0x00000000149ab000 	/usr/lib/libxslt.1.dylib
0x00000000149ab000 	/System/Library/Frameworks/Carbon.framework/Versions/A/Frameworks/Ink.framework/Versions/A/Ink
0x00000000149ab000 	/System/Library/PrivateFrameworks/TextureIO.framework/Versions/A/TextureIO
0x00000000149ab000 	/usr/lib/libate.dylib
0x00000000149ab000 	/System/Library/PrivateFrameworks/CrashReporterSupport.framework/Versions/A/CrashReporterSupport
0x00000000149ab000 	/System/Library/PrivateFrameworks/Sharing.framework/Versions/A/Sharing
0x00000000149ab000 	/System/Library/PrivateFrameworks/IconServices.framework/Versions/A/IconServices
0x00000000149ab000 	/System/Library/PrivateFrameworks/Apple80211.framework/Versions/A/Apple80211
0x00000000149ab000 	/System/Library/PrivateFrameworks/CoreUtils.framework/Versions/A/CoreUtils
0x00000000149ab000 	/System/Library/Frameworks/CoreWLAN.framework/Versions/A/CoreWLAN
0x00000000149ab000 	/System/Library/Frameworks/IOBluetooth.framework/Versions/A/IOBluetooth
0x00000000149ab000 	/System/Library/PrivateFrameworks/ProtocolBuffer.framework/Versions/A/ProtocolBuffer
0x00000000149ab000 	/System/Library/PrivateFrameworks/CoreWiFi.framework/Versions/A/CoreWiFi
0x00000000149ab000 	/System/Library/Frameworks/CoreBluetooth.framework/Versions/A/CoreBluetooth
0x00000000149ab000 	/System/Library/PrivateFrameworks/DebugSymbols.framework/Versions/A/DebugSymbols
0x00000000149ab000 	/System/Library/PrivateFrameworks/CoreSymbolication.framework/Versions/A/CoreSymbolication
0x00000000149ab000 	/System/Library/PrivateFrameworks/Symbolication.framework/Versions/A/Symbolication
0x00000000149ab000 	/System/Library/PrivateFrameworks/AppleFSCompression.framework/Versions/A/AppleFSCompression
0x00000000149ab000 	/System/Library/PrivateFrameworks/SpeechRecognitionCore.framework/Versions/A/SpeechRecognitionCore
0x0000000109800000 	/Library/Java/JavaVirtualMachines/jdk1.8.0_144.jdk/Contents/Home/jre/lib/server/libjvm.dylib
0x00000000149ab000 	/usr/lib/libstdc++.6.0.9.dylib
0x0000000108ee8000 	/Library/Java/JavaVirtualMachines/jdk1.8.0_144.jdk/Contents/Home/jre/lib/libverify.dylib
0x0000000108ef6000 	/Library/Java/JavaVirtualMachines/jdk1.8.0_144.jdk/Contents/Home/jre/lib/libjava.dylib
0x0000000108f75000 	/Library/Java/JavaVirtualMachines/jdk1.8.0_144.jdk/Contents/Home/jre/lib/libzip.dylib
0x00000000149ab000 	/System/Library/Frameworks/JavaVM.framework/Versions/A/Frameworks/JavaRuntimeSupport.framework/Versions/A/JavaRuntimeSupport
0x00000000149ab000 	/System/Library/Frameworks/JavaVM.framework/Versions/A/Frameworks/JavaNativeFoundation.framework/Versions/A/JavaNativeFoundation
0x00000000149ab000 	/System/Library/Frameworks/JavaVM.framework/Versions/A/JavaVM
0x00000000149ab000 	/System/Library/Frameworks/Carbon.framework/Versions/A/Carbon
0x00000000149ab000 	/System/Library/PrivateFrameworks/JavaLaunching.framework/Versions/A/JavaLaunching
0x00000000149ab000 	/System/Library/Frameworks/Carbon.framework/Versions/A/Frameworks/CommonPanels.framework/Versions/A/CommonPanels
0x00000000149ab000 	/System/Library/Frameworks/Carbon.framework/Versions/A/Frameworks/Help.framework/Versions/A/Help
0x00000000149ab000 	/System/Library/Frameworks/Carbon.framework/Versions/A/Frameworks/ImageCapture.framework/Versions/A/ImageCapture
0x00000000149ab000 	/System/Library/Frameworks/Carbon.framework/Versions/A/Frameworks/OpenScripting.framework/Versions/A/OpenScripting
0x00000000149ab000 	/System/Library/Frameworks/Carbon.framework/Versions/A/Frameworks/Print.framework/Versions/A/Print
0x00000000149ab000 	/System/Library/Frameworks/Carbon.framework/Versions/A/Frameworks/SecurityHI.framework/Versions/A/SecurityHI
0x0000000112a4f000 	/Library/Java/JavaVirtualMachines/jdk1.8.0_144.jdk/Contents/Home/jre/lib/libnet.dylib
0x0000000112aae000 	/Library/Java/JavaVirtualMachines/jdk1.8.0_144.jdk/Contents/Home/jre/lib/libnio.dylib

VM Arguments:
java_command: Swingy-1.0-SNAPSHOT.jar console
java_class_path (initial): Swingy-1.0-SNAPSHOT.jar
Launcher Type: SUN_STANDARD

Environment Variables:
PATH=/Users/dkotenko/.brew/bin:/usr/local/bin:/usr/bin:/bin:/usr/sbin:/sbin:/Applications/VMware Fusion.app/Contents/Public:/usr/local/munki
SHELL=/bin/zsh

Signal Handlers:
SIGSEGV: [libjvm.dylib+0x5b26e5], sa_mask[0]=11111111011111110111111111111111, sa_flags=SA_ONSTACK|SA_RESTART|SA_SIGINFO
SIGBUS: [libjvm.dylib+0x5b26e5], sa_mask[0]=11111111011111110111111111111111, sa_flags=SA_RESTART|SA_SIGINFO
SIGFPE: [libjvm.dylib+0x489100], sa_mask[0]=11111111011111110111111111111111, sa_flags=SA_RESTART|SA_SIGINFO
SIGPIPE: [libjvm.dylib+0x489100], sa_mask[0]=11111111011111110111111111111111, sa_flags=SA_RESTART|SA_SIGINFO
SIGXFSZ: [libjvm.dylib+0x489100], sa_mask[0]=11111111011111110111111111111111, sa_flags=SA_RESTART|SA_SIGINFO
SIGILL: [libjvm.dylib+0x489100], sa_mask[0]=11111111011111110111111111111111, sa_flags=SA_RESTART|SA_SIGINFO
SIGUSR1: SIG_DFL, sa_mask[0]=00000000000000000000000000000000, sa_flags=SA_RESTART
SIGUSR2: [libjvm.dylib+0x488c1e], sa_mask[0]=00000000000000000000000000000000, sa_flags=SA_RESTART|SA_SIGINFO
SIGHUP: [libjvm.dylib+0x4871f5], sa_mask[0]=11111111011111110111111111111111, sa_flags=SA_RESTART|SA_SIGINFO
SIGINT: [libjvm.dylib+0x4871f5], sa_mask[0]=11111111011111110111111111111111, sa_flags=SA_RESTART|SA_SIGINFO
SIGTERM: [libjvm.dylib+0x4871f5], sa_mask[0]=11111111011111110111111111111111, sa_flags=SA_RESTART|SA_SIGINFO
SIGQUIT: [libjvm.dylib+0x4871f5], sa_mask[0]=11111111011111110111111111111111, sa_flags=SA_RESTART|SA_SIGINFO


---------------  S Y S T E M  ---------------

OS:Bsduname:Darwin 17.5.0 Darwin Kernel Version 17.5.0: Mon Mar  5 22:24:32 PST 2018; root:xnu-4570.51.1~1/RELEASE_X86_64 x86_64
rlimit: STACK 8192k, CORE 0k, NPROC 709, NOFILE 10240, AS infinity
load average:1.55 1.79 1.77

CPU:total 4 (initial active 4) (4 cores per cpu, 1 threads per core) family 6 model 94 stepping 3, cmov, cx8, fxsr, mmx, sse, sse2, sse3, ssse3, sse4.1, sse4.2, popcnt, avx, avx2, aes, clmul, erms, rtm, 3dnowpref, lzcnt, tsc, tscinvbit, bmi1, bmi2, adx

Memory: 4k page, physical 8388608k(20220k free)

/proc/meminfo:


vm_info: Java HotSpot(TM) 64-Bit Server VM (25.144-b01) for bsd-amd64 JRE (1.8.0_144-b01), built on Jul 21 2017 22:07:42 by "java_re" with gcc 4.2.1 (Based on Apple Inc. build 5658) (LLVM build 2336.11.00)

time: Sat Dec  1 18:22:31 2018
elapsed time: 111 seconds (0d 0h 1m 51s)

